<?xml version="1.0" encoding="UTF-8"?>
<!-- Generated by org.testng.reporters.JUnitXMLReporter -->
<testsuite hostname="IN-M307WFY1" name="Test Login" tests="1" failures="1" timestamp="11 Oct 2017 07:23:53 GMT" time="5.005" errors="0">
  <testcase name="feature" time="4.707" classname="com.morning.runner.Runner">
    <failure type="cucumber.runtime.CucumberException" message="org.openqa.selenium.NoSuchElementException: Unable to locate element: html&amp;gt;body&amp;gt;div&amp;gt;table&amp;gt;tbody&amp;gt;tr&amp;gt;td&amp;gt;table&amp;gt;tbody&amp;gt;tr&amp;gt;td&amp;gt;table&amp;gt;tbody&amp;gt;tr&amp;gt;td&amp;gt;table&amp;gt;tbody&amp;gt;tr&amp;gt;td&amp;gt;p&amp;gt;a&amp;gt;font&amp;gt;b
For documentation on this error, please visit: http://seleniumhq.org/exceptions/no_such_element.html
Build info: version: &amp;apos;3.4.0&amp;apos;, revision: &amp;apos;unknown&amp;apos;, time: &amp;apos;unknown&amp;apos;
System info: host: &amp;apos;IN-M307WFY1&amp;apos;, ip: &amp;apos;10.90.18.101&amp;apos;, os.name: &amp;apos;Windows 7&amp;apos;, os.arch: &amp;apos;amd64&amp;apos;, os.version: &amp;apos;6.1&amp;apos;, java.version: &amp;apos;1.8.0_144&amp;apos;
Driver info: org.openqa.selenium.firefox.FirefoxDriver
Capabilities [{moz:profile=C:\Users\UGHAWT~1.001\AppData\Local\Temp\rust_mozprofile.TDEDXF0VQsum, rotatable=false, timeouts={implicit=0.0, page load=300000.0, script=30000.0}, pageLoadStrategy=normal, platform=ANY, specificationLevel=0.0, moz:accessibilityChecks=false, acceptInsecureCerts=false, browserVersion=52.4.0, platformVersion=6.1, moz:processID=3600.0, browserName=firefox, javascriptEnabled=true, platformName=windows_nt}]
Session ID: 3620c906-d14e-40d8-9a42-8107125c1b7c
*** Element info: {Using=css selector, value=html&amp;gt;body&amp;gt;div&amp;gt;table&amp;gt;tbody&amp;gt;tr&amp;gt;td&amp;gt;table&amp;gt;tbody&amp;gt;tr&amp;gt;td&amp;gt;table&amp;gt;tbody&amp;gt;tr&amp;gt;td&amp;gt;table&amp;gt;tbody&amp;gt;tr&amp;gt;td&amp;gt;p&amp;gt;a&amp;gt;font&amp;gt;b}">
      <![CDATA[cucumber.runtime.CucumberException: org.openqa.selenium.NoSuchElementException: Unable to locate element: html>body>div>table>tbody>tr>td>table>tbody>tr>td>table>tbody>tr>td>table>tbody>tr>td>p>a>font>b
For documentation on this error, please visit: http://seleniumhq.org/exceptions/no_such_element.html
Build info: version: '3.4.0', revision: 'unknown', time: 'unknown'
System info: host: 'IN-M307WFY1', ip: '10.90.18.101', os.name: 'Windows 7', os.arch: 'amd64', os.version: '6.1', java.version: '1.8.0_144'
Driver info: org.openqa.selenium.firefox.FirefoxDriver
Capabilities [{moz:profile=C:\Users\UGHAWT~1.001\AppData\Local\Temp\rust_mozprofile.TDEDXF0VQsum, rotatable=false, timeouts={implicit=0.0, page load=300000.0, script=30000.0}, pageLoadStrategy=normal, platform=ANY, specificationLevel=0.0, moz:accessibilityChecks=false, acceptInsecureCerts=false, browserVersion=52.4.0, platformVersion=6.1, moz:processID=3600.0, browserName=firefox, javascriptEnabled=true, platformName=windows_nt}]
Session ID: 3620c906-d14e-40d8-9a42-8107125c1b7c
*** Element info: {Using=css selector, value=html>body>div>table>tbody>tr>td>table>tbody>tr>td>table>tbody>tr>td>table>tbody>tr>td>p>a>font>b}
	at cucumber.api.testng.TestNGCucumberRunner.runCucumber(TestNGCucumberRunner.java:69)
	at cucumber.api.testng.AbstractTestNGCucumberTests.feature(AbstractTestNGCucumberTests.java:21)
Caused by: org.openqa.selenium.NoSuchElementException: Unable to locate element: html>body>div>table>tbody>tr>td>table>tbody>tr>td>table>tbody>tr>td>table>tbody>tr>td>p>a>font>b
For documentation on this error, please visit: http://seleniumhq.org/exceptions/no_such_element.html
Build info: version: '3.4.0', revision: 'unknown', time: 'unknown'
System info: host: 'IN-M307WFY1', ip: '10.90.18.101', os.name: 'Windows 7', os.arch: 'amd64', os.version: '6.1', java.version: '1.8.0_144'
Driver info: org.openqa.selenium.firefox.FirefoxDriver
Capabilities [{moz:profile=C:\Users\UGHAWT~1.001\AppData\Local\Temp\rust_mozprofile.TDEDXF0VQsum, rotatable=false, timeouts={implicit=0.0, page load=300000.0, script=30000.0}, pageLoadStrategy=normal, platform=ANY, specificationLevel=0.0, moz:accessibilityChecks=false, acceptInsecureCerts=false, browserVersion=52.4.0, platformVersion=6.1, moz:processID=3600.0, browserName=firefox, javascriptEnabled=true, platformName=windows_nt}]
Session ID: 3620c906-d14e-40d8-9a42-8107125c1b7c
*** Element info: {Using=css selector, value=html>body>div>table>tbody>tr>td>table>tbody>tr>td>table>tbody>tr>td>table>tbody>tr>td>p>a>font>b}
	at org.openqa.selenium.remote.http.W3CHttpResponseCodec.createException(W3CHttpResponseCodec.java:150)
	at org.openqa.selenium.remote.http.W3CHttpResponseCodec.decode(W3CHttpResponseCodec.java:115)
	at org.openqa.selenium.remote.http.W3CHttpResponseCodec.decode(W3CHttpResponseCodec.java:45)
	at org.openqa.selenium.remote.HttpCommandExecutor.execute(HttpCommandExecutor.java:164)
	at org.openqa.selenium.remote.service.DriverCommandExecutor.execute(DriverCommandExecutor.java:82)
	at org.openqa.selenium.remote.RemoteWebDriver.execute(RemoteWebDriver.java:637)
	at org.openqa.selenium.remote.RemoteWebDriver.findElement(RemoteWebDriver.java:410)
	at org.openqa.selenium.remote.RemoteWebDriver.findElementByCssSelector(RemoteWebDriver.java:501)
	at org.openqa.selenium.By$ByCssSelector.findElement(By.java:430)
	at org.openqa.selenium.remote.RemoteWebDriver.findElement(RemoteWebDriver.java:402)
	at com.morning.Setup.StepDefinition.i_should_see_the_userform_page(StepDefinition.java:85)
	at âœ½.Then I should see the userform page(src/test/resources/Features/login.feature:12)
... Removed 31 stack frames]]>
    </failure>
  </testcase> <!-- feature -->
</testsuite> <!-- Test Login -->
